2018-06-15 06:13:30 Notice: Notice (8): Undefined variable: above1 in [/var/www/html/crowdbootstrap/src/Controller/ApiController.php, line 12469]
Trace:
Cake\Error\BaseErrorHandler::handleError() - CORE/src/Error/BaseErrorHandler.php, line 140
App\Controller\ApiController::submitApplicationQuestionsIos() - APP/Controller/ApiController.php, line 12469
Cake\Controller\Controller::invokeAction() - CORE/src/Controller/Controller.php, line 429
Cake\Routing\Dispatcher::_invoke() - CORE/src/Routing/Dispatcher.php, line 114
Cake\Routing\Dispatcher::dispatch() - CORE/src/Routing/Dispatcher.php, line 87
[main] - ROOT/webroot/index.php, line 37



2018-06-15 06:13:30 Notice: Notice (8): Undefined variable: above1 in [/var/www/html/crowdbootstrap/src/Controller/ApiController.php, line 12469]
Trace:
Cake\Error\BaseErrorHandler::handleError() - CORE/src/Error/BaseErrorHandler.php, line 140
App\Controller\ApiController::submitApplicationQuestionsIos() - APP/Controller/ApiController.php, line 12469
Cake\Controller\Controller::invokeAction() - CORE/src/Controller/Controller.php, line 429
Cake\Routing\Dispatcher::_invoke() - CORE/src/Routing/Dispatcher.php, line 114
Cake\Routing\Dispatcher::dispatch() - CORE/src/Routing/Dispatcher.php, line 87
[main] - ROOT/webroot/index.php, line 37



2018-06-15 06:13:30 Notice: Notice (8): Undefined variable: above1 in [/var/www/html/crowdbootstrap/src/Controller/ApiController.php, line 12469]
Trace:
Cake\Error\BaseErrorHandler::handleError() - CORE/src/Error/BaseErrorHandler.php, line 140
App\Controller\ApiController::submitApplicationQuestionsIos() - APP/Controller/ApiController.php, line 12469
Cake\Controller\Controller::invokeAction() - CORE/src/Controller/Controller.php, line 429
Cake\Routing\Dispatcher::_invoke() - CORE/src/Routing/Dispatcher.php, line 114
Cake\Routing\Dispatcher::dispatch() - CORE/src/Routing/Dispatcher.php, line 87
[main] - ROOT/webroot/index.php, line 37



2018-06-29 09:35:39 Notice: Notice (8): Undefined variable: roadmap in [/var/www/html/crowdbootstrap/src/Template/Admin/SubAdmins/edit.ctp, line 75]
Trace:
Cake\Error\BaseErrorHandler::handleError() - CORE/src/Error/BaseErrorHandler.php, line 140
include - APP/Template/Admin/SubAdmins/edit.ctp, line 75
Cake\View\View::_evaluate() - CORE/src/View/View.php, line 992
Cake\View\View::_render() - CORE/src/View/View.php, line 952
Cake\View\View::render() - CORE/src/View/View.php, line 587
Cake\Controller\Controller::render() - CORE/src/Controller/Controller.php, line 611
Cake\Routing\Dispatcher::_invoke() - CORE/src/Routing/Dispatcher.php, line 120
Cake\Routing\Dispatcher::dispatch() - CORE/src/Routing/Dispatcher.php, line 87
[main] - ROOT/webroot/index.php, line 37



2018-06-29 09:35:39 Notice: Notice (8): Trying to get property of non-object in [/var/www/html/crowdbootstrap/src/Template/Admin/SubAdmins/edit.ctp, line 75]
Trace:
Cake\Error\BaseErrorHandler::handleError() - CORE/src/Error/BaseErrorHandler.php, line 140
include - APP/Template/Admin/SubAdmins/edit.ctp, line 75
Cake\View\View::_evaluate() - CORE/src/View/View.php, line 992
Cake\View\View::_render() - CORE/src/View/View.php, line 952
Cake\View\View::render() - CORE/src/View/View.php, line 587
Cake\Controller\Controller::render() - CORE/src/Controller/Controller.php, line 611
Cake\Routing\Dispatcher::_invoke() - CORE/src/Routing/Dispatcher.php, line 120
Cake\Routing\Dispatcher::dispatch() - CORE/src/Routing/Dispatcher.php, line 87
[main] - ROOT/webroot/index.php, line 37



2018-06-29 09:35:39 Notice: Notice (8): Undefined variable: roadmap in [/var/www/html/crowdbootstrap/src/Template/Admin/SubAdmins/edit.ctp, line 76]
Trace:
Cake\Error\BaseErrorHandler::handleError() - CORE/src/Error/BaseErrorHandler.php, line 140
include - APP/Template/Admin/SubAdmins/edit.ctp, line 76
Cake\View\View::_evaluate() - CORE/src/View/View.php, line 992
Cake\View\View::_render() - CORE/src/View/View.php, line 952
Cake\View\View::render() - CORE/src/View/View.php, line 587
Cake\Controller\Controller::render() - CORE/src/Controller/Controller.php, line 611
Cake\Routing\Dispatcher::_invoke() - CORE/src/Routing/Dispatcher.php, line 120
Cake\Routing\Dispatcher::dispatch() - CORE/src/Routing/Dispatcher.php, line 87
[main] - ROOT/webroot/index.php, line 37



2018-06-29 09:35:39 Notice: Notice (8): Trying to get property of non-object in [/var/www/html/crowdbootstrap/src/Template/Admin/SubAdmins/edit.ctp, line 76]
Trace:
Cake\Error\BaseErrorHandler::handleError() - CORE/src/Error/BaseErrorHandler.php, line 140
include - APP/Template/Admin/SubAdmins/edit.ctp, line 76
Cake\View\View::_evaluate() - CORE/src/View/View.php, line 992
Cake\View\View::_render() - CORE/src/View/View.php, line 952
Cake\View\View::render() - CORE/src/View/View.php, line 587
Cake\Controller\Controller::render() - CORE/src/Controller/Controller.php, line 611
Cake\Routing\Dispatcher::_invoke() - CORE/src/Routing/Dispatcher.php, line 120
Cake\Routing\Dispatcher::dispatch() - CORE/src/Routing/Dispatcher.php, line 87
[main] - ROOT/webroot/index.php, line 37



2018-06-29 09:37:21 Notice: Notice (8): Undefined variable: roadmap in [/var/www/html/crowdbootstrap/src/Template/Admin/SubAdmins/edit.ctp, line 75]
Trace:
Cake\Error\BaseErrorHandler::handleError() - CORE/src/Error/BaseErrorHandler.php, line 140
include - APP/Template/Admin/SubAdmins/edit.ctp, line 75
Cake\View\View::_evaluate() - CORE/src/View/View.php, line 992
Cake\View\View::_render() - CORE/src/View/View.php, line 952
Cake\View\View::render() - CORE/src/View/View.php, line 587
Cake\Controller\Controller::render() - CORE/src/Controller/Controller.php, line 611
Cake\Routing\Dispatcher::_invoke() - CORE/src/Routing/Dispatcher.php, line 120
Cake\Routing\Dispatcher::dispatch() - CORE/src/Routing/Dispatcher.php, line 87
[main] - ROOT/webroot/index.php, line 37



2018-06-29 09:37:21 Notice: Notice (8): Trying to get property of non-object in [/var/www/html/crowdbootstrap/src/Template/Admin/SubAdmins/edit.ctp, line 75]
Trace:
Cake\Error\BaseErrorHandler::handleError() - CORE/src/Error/BaseErrorHandler.php, line 140
include - APP/Template/Admin/SubAdmins/edit.ctp, line 75
Cake\View\View::_evaluate() - CORE/src/View/View.php, line 992
Cake\View\View::_render() - CORE/src/View/View.php, line 952
Cake\View\View::render() - CORE/src/View/View.php, line 587
Cake\Controller\Controller::render() - CORE/src/Controller/Controller.php, line 611
Cake\Routing\Dispatcher::_invoke() - CORE/src/Routing/Dispatcher.php, line 120
Cake\Routing\Dispatcher::dispatch() - CORE/src/Routing/Dispatcher.php, line 87
[main] - ROOT/webroot/index.php, line 37



2018-06-29 09:37:21 Notice: Notice (8): Undefined variable: roadmap in [/var/www/html/crowdbootstrap/src/Template/Admin/SubAdmins/edit.ctp, line 76]
Trace:
Cake\Error\BaseErrorHandler::handleError() - CORE/src/Error/BaseErrorHandler.php, line 140
include - APP/Template/Admin/SubAdmins/edit.ctp, line 76
Cake\View\View::_evaluate() - CORE/src/View/View.php, line 992
Cake\View\View::_render() - CORE/src/View/View.php, line 952
Cake\View\View::render() - CORE/src/View/View.php, line 587
Cake\Controller\Controller::render() - CORE/src/Controller/Controller.php, line 611
Cake\Routing\Dispatcher::_invoke() - CORE/src/Routing/Dispatcher.php, line 120
Cake\Routing\Dispatcher::dispatch() - CORE/src/Routing/Dispatcher.php, line 87
[main] - ROOT/webroot/index.php, line 37



2018-06-29 09:37:21 Notice: Notice (8): Trying to get property of non-object in [/var/www/html/crowdbootstrap/src/Template/Admin/SubAdmins/edit.ctp, line 76]
Trace:
Cake\Error\BaseErrorHandler::handleError() - CORE/src/Error/BaseErrorHandler.php, line 140
include - APP/Template/Admin/SubAdmins/edit.ctp, line 76
Cake\View\View::_evaluate() - CORE/src/View/View.php, line 992
Cake\View\View::_render() - CORE/src/View/View.php, line 952
Cake\View\View::render() - CORE/src/View/View.php, line 587
Cake\Controller\Controller::render() - CORE/src/Controller/Controller.php, line 611
Cake\Routing\Dispatcher::_invoke() - CORE/src/Routing/Dispatcher.php, line 120
Cake\Routing\Dispatcher::dispatch() - CORE/src/Routing/Dispatcher.php, line 87
[main] - ROOT/webroot/index.php, line 37



